{"code":500,"level":"error","message":"users_model.refresh_token is not a function"}
{"code":500,"level":"error","message":"users_model.refresh_token is not a function"}
{"code":500,"level":"error","message":"users_model.refresh_token is not a function"}
{"code":500,"level":"error","message":"users_model.refresh_token is not a function"}
{"code":500,"level":"error","message":"users_model.refresh_token is not a function"}
{"code":500,"level":"error","message":"users_model.refresh_token is not a function"}
{"code":500,"level":"error","message":"users_model.refresh_token is not a function"}
{"code":500,"level":"error","message":"users_model.refresh_token is not a function"}
{"code":500,"level":"error","message":"users_model.refresh_token is not a function"}
{"code":500,"level":"error","message":"users_model.refresh_token is not a function"}
{"code":500,"level":"error","message":"users_model.refresh_token is not a function"}
{"code":500,"level":"error","message":"users_model.refresh_token is not a function"}
{"code":500,"level":"error","message":"users_model.refresh_token is not a function"}
{"code":500,"level":"error","message":"users_model.refresh_token is not a function"}
{"code":500,"level":"error","message":"users_model.refresh_token is not a function"}
{"code":500,"level":"error","message":"users_model.refresh_token is not a function"}
{"code":500,"level":"error","message":"users_model.refresh_token is not a function"}
{"code":400,"level":"error","message":"TypeError: Cannot read properties of undefined (reading 'username')"}
{"code":500,"level":"error","message":"users_model.refresh_token is not a function"}
{"code":500,"level":"error","message":"users_model.refresh_token is not a function"}
{"code":500,"level":"error","message":"input is not defined"}
{"code":500,"level":"error","message":"input is not defined"}
{"code":400,"level":"error","message":"TypeError: Cannot read properties of undefined (reading 'username')"}
{"code":400,"level":"error","message":"TypeError: Cannot read properties of undefined (reading 'username')"}
{"code":400,"level":"error","message":"TypeError: Cannot read properties of undefined (reading 'username')"}
{"code":400,"level":"error","message":"TypeError: Cannot read properties of undefined (reading 'username')"}
{"code":500,"level":"error","message":"users_model.refresh_token is not a function"}
{"code":500,"level":"error","message":"users_model.refresh_token is not a function"}
{"code":500,"level":"error","message":"users_model.refresh_token is not a function"}
{"code":500,"level":"error","message":"users_model.refresh_token is not a function"}
{"code":500,"level":"error","message":"users_model.refresh_token is not a function"}
{"code":500,"level":"error","message":"users_model.refresh_token is not a function"}
{"code":500,"level":"error","message":"users_model.refresh_token is not a function"}
{"code":500,"level":"error","message":"users_model.refresh_token is not a function"}
{"code":500,"level":"error","message":"users_model.refresh_token is not a function"}
{"code":500,"level":"error","message":"users_model.refresh_token is not a function"}
{"code":500,"level":"error","message":"users_model.refresh_token is not a function"}
{"code":500,"level":"error","message":"users_model.refresh_token is not a function"}
{"code":500,"level":"error","message":"users_model.refresh_token is not a function"}
{"code":400,"level":"error","message":"TypeError: Cannot read properties of undefined (reading 'username')"}
{"code":500,"level":"error","message":"users_model.refresh_token is not a function"}
{"code":500,"level":"error","message":"users_model.refresh_token is not a function"}
{"code":500,"level":"error","message":"users_model.refresh_token is not a function"}
{"code":500,"level":"error","message":"users_model.refresh_token is not a function"}
{"code":500,"level":"error","message":"users_model.refresh_token is not a function"}
{"code":500,"level":"error","message":"users_model.refresh_token is not a function"}
{"code":500,"level":"error","message":"users_model.refresh_token is not a function"}
{"code":500,"level":"error","message":"users_model.refresh_token is not a function"}
{"code":500,"level":"error","message":"users_model.refresh_token is not a function"}
{"code":500,"level":"error","message":"users_model.refresh_token is not a function"}
{"code":500,"level":"error","message":"users_model.refresh_token is not a function"}
{"code":500,"level":"error","message":"users_model.verify_token is not a function"}
{"code":500,"level":"error","message":"users_model.verify_Token is not a function"}
{"code":500,"level":"error","message":"users_model.verify_Token is not a function"}
{"code":400,"level":"error","message":"ReferenceError: verify_Token is not defined"}
{"code":400,"level":"error","message":"ReferenceError: verify_Token is not defined"}
{"code":400,"level":"error","message":"ReferenceError: verify_Token is not defined"}
{"code":500,"level":"error","message":"users_model.verify_Token is not a function"}
{"code":500,"level":"error","message":"users_model.verify_Token is not a function"}
{"code":500,"level":"error","message":"date is not defined"}
{"code":400,"level":"error","message":"ReferenceError: update_at is not defined"}
{"code":400,"level":"error","message":"ReferenceError: update_at is not defined"}
{"code":400,"level":"error","message":"TypeError: Cannot read properties of undefined (reading 'created_at')"}
{"code":400,"level":"error","message":"ReferenceError: created_at is not defined"}
{"code":400,"level":"error","message":"Error: You have an error in your SQL syntax; check the manual that corresponds to your MariaDB server version for the right syntax to use near '?' at line 1"}
{"code":500,"level":"error","message":"date is not defined"}
{"code":500,"level":"error","message":"Assignment to constant variable."}
{"code":400,"level":"error","message":"TypeError: Cannot read properties of undefined (reading 'created_at')"}
{"code":400,"level":"error","message":"Error: You have an error in your SQL syntax; check the manual that corresponds to your MariaDB server version for the right syntax to use near '?' at line 1"}
{"code":400,"level":"error","message":"TypeError: Cannot read properties of undefined (reading 'update_at')"}
{"code":400,"level":"error","message":"TypeError: Cannot read properties of undefined (reading 'update_at')"}
{"code":400,"level":"error","message":"ReferenceError: date is not defined"}
{"code":500,"level":"error","message":"Cannot read properties of undefined (reading 'getUTCFullYear')"}
{"code":500,"level":"error","message":"Assignment to constant variable."}
{"code":400,"level":"error","message":"ReferenceError: date is not defined"}
{"code":400,"level":"error","message":"Error: You have an error in your SQL syntax; check the manual that corresponds to your MariaDB server version for the right syntax to use near '?' at line 1"}
{"code":500,"level":"error","message":"Assignment to constant variable."}
{"code":400,"level":"error","message":"Error: Column 'update_at' cannot be null"}
